UID        PID  PPID  C STIME TTY          TIME CMD
root         1     0  0 11:59 ?        00:00:01 /sbin/init
root         2     0  0 11:59 ?        00:00:00 [kthreadd]
root         3     2  0 11:59 ?        00:00:00 [ksoftirqd/0]
root         5     2  0 11:59 ?        00:00:00 [kworker/0:0H]
root         7     2  0 11:59 ?        00:00:04 [rcu_sched]
root         8     2  0 11:59 ?        00:00:02 [rcuos/0]
root         9     2  0 11:59 ?        00:00:03 [rcuos/1]
root        10     2  0 11:59 ?        00:00:00 [rcu_bh]
root        11     2  0 11:59 ?        00:00:00 [rcuob/0]
root        12     2  0 11:59 ?        00:00:00 [rcuob/1]
root        13     2  0 11:59 ?        00:00:00 [migration/0]
root        14     2  0 11:59 ?        00:00:00 [watchdog/0]
root        15     2  0 11:59 ?        00:00:00 [watchdog/1]
root        16     2  0 11:59 ?        00:00:00 [migration/1]
root        17     2  0 11:59 ?        00:00:00 [ksoftirqd/1]
root        19     2  0 11:59 ?        00:00:00 [kworker/1:0H]
root        20     2  0 11:59 ?        00:00:00 [khelper]
root        21     2  0 11:59 ?        00:00:00 [kdevtmpfs]
root        22     2  0 11:59 ?        00:00:00 [netns]
root        23     2  0 11:59 ?        00:00:00 [writeback]
root        24     2  0 11:59 ?        00:00:00 [kintegrityd]
root        25     2  0 11:59 ?        00:00:00 [bioset]
root        26     2  0 11:59 ?        00:00:00 [kworker/u5:0]
root        27     2  0 11:59 ?        00:00:00 [kblockd]
root        28     2  0 11:59 ?        00:00:00 [ata_sff]
root        29     2  0 11:59 ?        00:00:00 [khubd]
root        30     2  0 11:59 ?        00:00:00 [md]
root        31     2  0 11:59 ?        00:00:00 [devfreq_wq]
root        34     2  0 11:59 ?        00:00:00 [khungtaskd]
root        35     2  0 11:59 ?        00:00:00 [kswapd0]
root        36     2  0 11:59 ?        00:00:00 [ksmd]
root        37     2  0 11:59 ?        00:00:01 [khugepaged]
root        38     2  0 11:59 ?        00:00:00 [fsnotify_mark]
root        39     2  0 11:59 ?        00:00:00 [ecryptfs-kthrea]
root        40     2  0 11:59 ?        00:00:00 [crypto]
root        52     2  0 11:59 ?        00:00:00 [kthrotld]
root        74     2  0 11:59 ?        00:00:00 [deferwq]
root        75     2  0 11:59 ?        00:00:00 [charger_manager]
root       123     2  0 11:59 ?        00:00:00 [firewire]
root       124     2  0 11:59 ?        00:00:00 [firewire_ohci]
root       125     2  0 11:59 ?        00:00:00 [scsi_eh_0]
root       126     2  0 11:59 ?        00:00:00 [scsi_eh_1]
root       127     2  0 11:59 ?        00:00:00 [scsi_eh_2]
root       128     2  0 11:59 ?        00:00:00 [scsi_eh_3]
root       129     2  0 11:59 ?        00:00:00 [scsi_eh_4]
root       130     2  0 11:59 ?        00:00:00 [scsi_eh_5]
root       147     2  0 11:59 ?        00:00:00 [kworker/u5:1]
root       148     2  0 11:59 ?        00:00:00 [jbd2/sda1-8]
root       149     2  0 11:59 ?        00:00:00 [ext4-rsv-conver]
root       274     1  0 11:59 ?        00:00:00 upstart-udev-bridge --daemon
root       280     1  0 11:59 ?        00:00:00 /lib/systemd/systemd-udevd --daemon
root       346     2  0 11:59 ?        00:00:00 [cfg80211]
root       348     2  0 11:59 ?        00:00:46 [irq/47-iwlwifi]
root       358     2  0 11:59 ?        00:00:00 [kpsmoused]
root       362     2  0 11:59 ?        00:00:00 [pccardd]
root       378     2  0 11:59 ?        00:00:00 [iwlwifi]
root       491     2  0 12:00 ?        00:00:00 [hd-audio0]
root       533     1  0 12:00 ?        00:00:00 upstart-socket-bridge --daemon
root       605     1  0 12:00 ?        00:00:00 smbd -F
message+   684     1  0 12:00 ?        00:00:10 dbus-daemon --system --fork
syslog     712     1  0 12:00 ?        00:00:00 rsyslogd
root       721     1  0 12:00 ?        00:00:00 /lib/systemd/systemd-logind
root       728     1  0 12:00 ?        00:00:00 /usr/sbin/ModemManager
root       729     1  0 12:00 ?        00:00:00 /usr/sbin/bluetoothd
root       746     2  0 12:00 ?        00:00:00 [krfcommd]
root       751     1  0 12:00 ?        00:00:00 upstart-file-bridge --daemon
root       808     1  0 12:00 ?        00:00:17 NetworkManager
root       814     1  0 12:00 ?        00:00:00 /usr/lib/policykit-1/polkitd --no-debug
avahi      819     1  0 12:00 ?        00:00:00 avahi-daemon: running [Milkyway.local]
avahi      825   819  0 12:00 ?        00:00:00 avahi-daemon: chroot helper
root       832   605  0 12:00 ?        00:00:00 smbd -F
root       839     1  0 12:00 ?        00:00:01 /sbin/wpa_supplicant -B -P /run/sendsigs.omit.d/wpasupplicant.pid -u -s -O /var/run/wpa_supplicant
root       848   808  0 12:00 ?        00:00:00 /sbin/dhclient -d -sf /usr/lib/NetworkManager/nm-dhcp-client.action -pf /run/sendsigs.omit.d/network-manager.dhclient-eth0.pid -lf /var/lib/NetworkManager/dhclient-dc2ecd98-84a0-47bf-b237-f1b22129a2ee-eth0.lease -cf /var/lib/NetworkManager/dhclient-eth0.conf eth0
root       880     1  0 12:00 tty4     00:00:00 /sbin/getty -8 38400 tty4
root       884     1  0 12:00 tty5     00:00:00 /sbin/getty -8 38400 tty5
root       892     1  0 12:00 tty2     00:00:00 /sbin/getty -8 38400 tty2
root       894     1  0 12:00 tty3     00:00:00 /sbin/getty -8 38400 tty3
root       897     1  0 12:00 tty6     00:00:00 /sbin/getty -8 38400 tty6
root       936     1  0 12:00 ?        00:00:00 /usr/sbin/sshd -D
mongodb    946     1  0 12:00 ?        00:03:40 /usr/bin/mongod --config /etc/mongodb.conf
root       952     1  0 12:00 ?        00:00:00 cron
daemon     953     1  0 12:00 ?        00:00:00 atd
root       993     1  0 12:00 ?        00:00:07 acpid -c /etc/acpi/events -s /var/run/acpid.socket
kernoops   996     1  0 12:00 ?        00:00:00 /usr/sbin/kerneloops
root      1017     1  0 12:00 ?        00:00:00 /usr/sbin/osspd -f --dsp-slave=/usr/lib/osspd/ossp-slave
root      1041     1  0 12:00 ?        00:00:00 lightdm
whoopsie  1045     1  0 12:00 ?        00:00:00 whoopsie
root      1076     1  0 12:00 ?        00:00:00 /usr/sbin/cups-browsed
root      1194     1  0 12:00 ?        00:00:00 /usr/lib/accountsservice/accounts-daemon
root      1213  1041  1 12:00 tty7     00:07:50 /usr/bin/X -core :0 -seat seat0 -auth /var/run/lightdm/root/:0 -nolisten tcp vt7 -novtswitch
nobody    1215   808  0 12:00 ?        00:00:00 /usr/sbin/dnsmasq --no-resolv --keep-in-foreground --no-hosts --bind-interfaces --pid-file=/run/sendsigs.omit.d/network-manager.dnsmasq.pid --listen-address=127.0.1.1 --conf-file=/var/run/NetworkManager/dnsmasq.conf --cache-size=0 --proxy-dnssec --enable-dbus=org.freedesktop.NetworkManager.dnsmasq --conf-dir=/etc/NetworkManager/dnsmasq.d
root      1288     1  0 12:00 ?        00:00:01 /usr/sbin/apache2 -k start
www-data  1334  1288  0 12:00 ?        00:00:00 /usr/sbin/apache2 -k start
www-data  1335  1288  0 12:00 ?        00:00:00 /usr/sbin/apache2 -k start
www-data  1336  1288  0 12:00 ?        00:00:00 /usr/sbin/apache2 -k start
www-data  1337  1288  0 12:00 ?        00:00:00 /usr/sbin/apache2 -k start
www-data  1338  1288  0 12:00 ?        00:00:00 /usr/sbin/apache2 -k start
root      1369  1041  0 12:00 ?        00:00:00 lightdm --session-child 12 15
root      1380     2  0 12:00 ?        00:00:00 [kauditd]
rahul     1394  1369  0 12:00 ?        00:00:00 init --user
rahul     1454     1  0 12:00 ?        00:00:00 dbus-launch --autolaunch=7f5038edaa99a41cd1e0c1930000000d --binary-syntax --close-stderr
rahul     1455     1  0 12:00 ?        00:00:00 //bin/dbus-daemon --fork --print-pid 5 --print-address 7 --session
rahul     1468  1394  0 12:00 ?        00:00:00 ssh-agent
rahul     1477  1394  0 12:00 ?        00:00:01 dbus-daemon --fork --session --address=unix:abstract=/tmp/dbus-a3EFldXHhE
rahul     1486  1394  0 12:00 ?        00:00:00 upstart-event-bridge
rahul     1492  1394  0 12:00 ?        00:00:00 /usr/lib/x86_64-linux-gnu/hud/window-stack-bridge
root      1591     1  0 12:00 ?        00:00:00 /usr/sbin/winbindd -F
root      1625     1  0 12:00 ?        00:00:00 nmbd -D
rahul     1629  1394  0 12:00 ?        00:00:00 upstart-dbus-bridge --daemon --session --user --bus-name session
rahul     1633  1394  0 12:00 ?        00:00:00 upstart-dbus-bridge --daemon --system --user --bus-name system
root      1635  1591  0 12:00 ?        00:00:00 /usr/sbin/winbindd -F
rahul     1637  1394  0 12:00 ?        00:00:00 upstart-file-bridge --daemon --user
rahul     1642  1394  0 12:00 ?        00:01:47 /usr/bin/ibus-daemon --daemonize --xim
root      1658   808  0 12:00 ?        00:00:00 /sbin/dhclient -d -sf /usr/lib/NetworkManager/nm-dhcp-client.action -pf /run/sendsigs.omit.d/network-manager.dhclient-wlan0.pid -lf /var/lib/NetworkManager/dhclient-003c9b34-e86e-4242-8d20-581022495b66-wlan0.lease -cf /var/lib/NetworkManager/dhclient-wlan0.conf wlan0
rahul     1662  1394  0 12:00 ?        00:00:02 /usr/lib/unity-settings-daemon/unity-settings-daemon
rahul     1666  1394  0 12:00 ?        00:00:00 /usr/lib/gvfs/gvfsd
rahul     1677  1394  0 12:00 ?        00:00:06 /usr/lib/x86_64-linux-gnu/bamf/bamfdaemon
rahul     1680  1394  0 12:00 ?        00:00:00 /usr/lib/at-spi2-core/at-spi-bus-launcher --launch-immediately
rahul     1681  1394  0 12:00 ?        00:00:00 gnome-session --session=gnome-fallback-compiz
rahul     1686  1680  0 12:00 ?        00:00:00 /bin/dbus-daemon --config-file=/etc/at-spi2/accessibility.conf --nofork --print-address 3
root      1692     1  0 12:00 ?        00:00:49 /usr/bin/python /usr/bin/twistd --uid root --gid root --pidfile /var/run/nanny.pid -r glib2 --logfile /var/log/nanny.log -y /usr/share/nanny/daemon/nanny.tap
root      1710     1  0 12:00 tty1     00:00:00 /sbin/getty -8 38400 tty1
rahul     1750  1642  0 12:00 ?        00:00:00 /usr/lib/ibus/ibus-dconf
rahul     1751  1642  0 12:00 ?        00:00:19 /usr/lib/ibus/ibus-ui-gtk3
rahul     1753  1394  0 12:00 ?        00:00:00 /usr/lib/ibus/ibus-x11 --kill-daemon
rahul     1763  1394  0 12:00 ?        00:00:00 /usr/lib/at-spi2-core/at-spi2-registryd --use-gnome-session
rahul     1771  1394  0 12:00 ?        00:00:00 /usr/lib/gvfs/gvfsd-fuse /run/user/1000/gvfs -f -o big_writes
root      1793     1  0 12:00 ?        00:00:00 /usr/sbin/console-kit-daemon --no-daemon
rahul     1869  1394  0 12:00 ?        00:00:00 /usr/bin/gnome-keyring-daemon --start --components=pkcs11
root      1877     1  0 12:00 ?        00:00:02 /usr/lib/upower/upowerd
rahul     1880  1642  0 12:00 ?        00:00:34 /usr/lib/ibus/ibus-engine-simple
rahul     1912  1394  0 12:00 ?        00:00:00 /usr/bin/pulseaudio --start --log-target=syslog
rtkit     1914     1  0 12:00 ?        00:00:00 /usr/lib/rtkit/rtkit-daemon
rahul     2098  1912  0 12:00 ?        00:00:00 /usr/lib/pulseaudio/pulse/gconf-helper
rahul     2100  1394  0 12:00 ?        00:00:00 /usr/lib/x86_64-linux-gnu/gconf/gconfd-2
colord    2102     1  0 12:00 ?        00:00:00 /usr/lib/colord/colord
rahul     2104  1394  0 12:00 ?        00:00:00 /usr/lib/dconf/dconf-service
rahul     2107  1662  0 12:00 ?        00:00:17 syndaemon -i 1.0 -t -K -R
rahul     2115  1681  0 12:00 ?        00:02:11 compiz
rahul     2152  1681  0 12:00 ?        00:00:23 gnome-panel
rahul     2156  1681  0 12:00 ?        00:00:00 /usr/lib/x86_64-linux-gnu/indicator-bluetooth/indicator-bluetooth-service
rahul     2157  1681  0 12:00 ?        00:00:00 /usr/lib/unity-settings-daemon/unity-fallback-mount-helper
rahul     2160  1681  0 12:00 ?        00:00:00 /usr/lib/x86_64-linux-gnu/indicator-application/indicator-application-service
rahul     2167  1681  0 12:00 ?        00:00:11 nm-applet
rahul     2168  1681  0 12:00 ?        00:00:00 /usr/lib/policykit-1-gnome/polkit-gnome-authentication-agent-1
rahul     2170  1681  0 12:00 ?        00:00:00 /sbin/initctl emit indicator-services-start
rahul     2171  1681  0 12:00 ?        00:00:00 python /usr/share/screenlets-manager/screenlets-daemon.py
rahul     2172  1681  0 12:00 ?        00:01:59 python -u /usr/share/screenlets/screenlets-pack-basic/ClearCalendar/ClearCalendarScreenlet.py
rahul     2174  1394  0 12:00 ?        00:00:00 /usr/lib/x86_64-linux-gnu/indicator-messages/indicator-messages-service
rahul     2177  1394  0 12:00 ?        00:00:00 /usr/lib/gvfs/gvfs-udisks2-volume-monitor
rahul     2186  1394  0 12:00 ?        00:00:02 /usr/lib/x86_64-linux-gnu/indicator-power/indicator-power-service
rahul     2192  1394  0 12:00 ?        00:00:00 /usr/lib/x86_64-linux-gnu/indicator-datetime/indicator-datetime-service
rahul     2200  1394  0 12:00 ?        00:00:00 /usr/lib/x86_64-linux-gnu/indicator-sound/indicator-sound-service
rahul     2202  1394  0 12:00 ?        00:00:00 /usr/lib/x86_64-linux-gnu/indicator-session/indicator-session-service
rahul     2212  1394  0 12:00 ?        00:00:00 /usr/lib/x86_64-linux-gnu/notify-osd
rahul     2269  1394  0 12:00 ?        00:00:00 /usr/bin/gnome-screensaver --no-daemon
root      2345     1  0 12:00 ?        00:00:04 /usr/lib/udisks2/udisksd --no-debug
rahul     2352  1394  0 12:00 ?        00:00:00 /usr/lib/evolution/evolution-source-registry
root      2383     1  0 12:00 ?        00:00:00 /usr/sbin/cupsd -f
lp        2386  2383  0 12:00 ?        00:00:00 /usr/lib/cups/notifier/dbus dbus:// 
rahul     2399  1394  0 12:00 ?        00:00:00 /usr/lib/gvfs/gvfs-afc-volume-monitor
rahul     2404  1394  0 12:00 ?        00:00:00 /usr/lib/gvfs/gvfs-gphoto2-volume-monitor
rahul     2412  1394  0 12:00 ?        00:00:00 /usr/lib/gvfs/gvfs-mtp-volume-monitor
rahul     2418  1394  0 12:00 ?        00:00:00 /usr/lib/gnome-online-accounts/goa-daemon
rahul     2421  1394  0 12:00 ?        00:00:00 /usr/lib/evolution/evolution-calendar-factory
rahul     2422  2115  0 12:00 ?        00:00:00 /bin/sh -c /usr/bin/gtk-window-decorator
rahul     2423  2422  0 12:00 ?        00:00:09 /usr/bin/gtk-window-decorator
rahul     2425  1394  0 12:00 ?        00:00:13 /usr/lib/x86_64-linux-gnu/indicator-applet-complete
rahul     2441  1394  0 12:00 ?        00:00:00 /usr/lib/x86_64-linux-gnu/indicator-keyboard-service --use-gtk
rahul     2461  1394  0 12:00 ?        00:00:04 /usr/lib/telepathy/mission-control-5
rahul     2505  1681  0 12:01 ?        00:00:00 telepathy-indicator
rahul     2569  1681  0 12:01 ?        00:00:00 zeitgeist-datahub
rahul     2574  1394  0 12:01 ?        00:00:00 /usr/bin/zeitgeist-daemon
rahul     2580  1394  0 12:01 ?        00:00:00 /usr/lib/x86_64-linux-gnu/zeitgeist-fts
rahul     2592  2580  0 12:01 ?        00:00:00 /bin/cat
rahul     2637  1681  0 12:01 ?        00:00:00 update-notifier
rahul     2653  2152  0 12:01 ?        00:03:01 gnome-terminal
rahul     2662  2653  0 12:01 ?        00:00:00 gnome-pty-helper
rahul     2663  2653  0 12:01 pts/1    00:00:01 bash
rahul     2729  2152  5 12:02 ?        00:23:28 /usr/lib/firefox/firefox
rahul     2747  1394  0 12:02 ?        00:00:00 /usr/lib/libunity-webapps/unity-webapps-service
rahul     2793  1681  0 12:02 ?        00:00:00 /usr/lib/x86_64-linux-gnu/deja-dup/deja-dup-monitor
rahul     2801  2729  0 12:03 ?        00:00:28 /usr/lib/firefox/plugin-container /opt/google/talkplugin/libnpgoogletalk.so -greomni /usr/lib/firefox/omni.ja -appomni /usr/lib/firefox/browser/omni.ja -appdir /usr/lib/firefox/browser 2729 true plugin
rahul     2806  1394  0 12:03 ?        00:00:13 /opt/google/talkplugin/GoogleTalkPlugin
rahul     2841  1394  0 12:03 ?        00:00:00 /usr/lib/gvfs/gvfsd-metadata
rahul     2860  2653  0 12:04 pts/5    00:00:00 bash
rahul     3001  2860  0 12:16 pts/5    00:00:16 vim RunTest.py
rahul     3027  2653  0 12:18 pts/12   00:00:00 bash
rahul     3104  3027  0 12:18 pts/12   00:00:01 vim readTestObject.py
rahul     3311  2729  2 12:48 ?        00:08:36 /usr/lib/firefox/plugin-container /usr/lib/flashplugin-installer/libflashplayer.so -greomni /usr/lib/firefox/omni.ja -appomni /usr/lib/firefox/browser/omni.ja -appdir /usr/lib/firefox/browser 2729 true plugin
rahul     3519  2653  0 13:35 pts/18   00:00:00 bash
rahul     3626  2653  0 13:47 pts/19   00:00:00 bash
rahul     4285  2653  0 15:26 pts/21   00:00:00 bash
rahul     4553  2152  1 15:49 ?        00:02:24 gedit
rahul     4565  1394  0 15:49 ?        00:00:00 /usr/lib/gvfs/gvfsd-trash --spawner :1.5 /org/gtk/gvfs/exec_spaw/0
rahul     6113  2663  1 18:10 pts/1    00:00:38 /usr/bin/python2.7
rahul     6144  4285  0 18:17 pts/21   00:00:00 vim test_definition.tdf
root      6243     2  0 18:28 ?        00:00:01 [kworker/1:1]
root      6321     2  0 18:35 ?        00:00:00 [kworker/u4:1]
rahul     6356  2663  2 18:45 pts/1    00:00:23 /usr/bin/python2.7 RunTest.py
root      6362     2  0 18:45 ?        00:00:00 [kworker/0:0]
root      6383     2  0 18:47 ?        00:00:00 [kworker/u4:2]
root      6431     2  0 18:51 ?        00:00:00 [kworker/0:2]
root      6465     1  0 18:55 ?        00:00:00 /lib/systemd/systemd-hostnamed
root      6479     2  0 18:56 ?        00:00:00 [kworker/1:2]
root      6481     2  0 18:57 ?        00:00:00 [kworker/u4:0]
rahul     6506  2663  0 19:02 pts/1    00:00:00 /usr/bin/python2.7 IOTest.py
rahul     6507  6506  0 19:02 pts/1    00:00:00 ps -ef
